<?xml version="1.0" encoding="UTF-8"?>
<!-- Generated by org.testng.reporters.JUnitReportReporter -->
<testsuite hostname="LAPTOP-74G9JTEL" failures="0" tests="2" name="testng_keywords.enabled" time="0.013" errors="0" timestamp="2024-04-05T20:56:18 IST" skipped="0">
  <testcase classname="testng_keywords.enabled" name="m1" time="0.011">
    <system-out>
      <![CDATA[hii]]>
    </system-out>
  </testcase> <!-- m1 -->
  <testcase classname="testng_keywords.enabled" name="m2" time="0.002">
    <system-out>
      <![CDATA[hello]]>
    </system-out>
  </testcase> <!-- m2 -->
  <system-out>
    <![CDATA[hii
hello]]>
  </system-out>
</testsuite> <!-- testng_keywords.enabled -->
