<?xml version="1.0" encoding="UTF-8"?>
<!-- Generated by org.testng.reporters.JUnitReportReporter -->
<testsuite hostname="LAPTOP-74G9JTEL" failures="0" tests="1" name="testng_keywords.Annotations_Flow" time="0.011" errors="0" timestamp="2024-04-06T20:54:43 IST" skipped="0">
  <testcase classname="testng_keywords.Annotations_Flow" name="mainTC" time="0.011"/>
</testsuite> <!-- testng_keywords.Annotations_Flow -->
