<?xml version="1.0" encoding="UTF-8"?>
<!-- Generated by org.testng.reporters.JUnitReportReporter -->
<testsuite hostname="LAPTOP-74G9JTEL" failures="0" tests="5" name="testng_keywords.invocationcount" time="0.019" errors="0" timestamp="2024-04-05T20:42:45 IST" skipped="0">
  <testcase classname="testng_keywords.invocationcount" name="m1" time="0.001">
    <system-out>
      <![CDATA[naresh it]]>
    </system-out>
  </testcase> <!-- m1 -->
  <testcase classname="testng_keywords.invocationcount" name="m1" time="0.002">
    <system-out>
      <![CDATA[naresh it]]>
    </system-out>
  </testcase> <!-- m1 -->
  <testcase classname="testng_keywords.invocationcount" name="m1" time="0.012">
    <system-out>
      <![CDATA[naresh it]]>
    </system-out>
  </testcase> <!-- m1 -->
  <testcase classname="testng_keywords.invocationcount" name="m1" time="0.002">
    <system-out>
      <![CDATA[naresh it]]>
    </system-out>
  </testcase> <!-- m1 -->
  <testcase classname="testng_keywords.invocationcount" name="m1" time="0.002">
    <system-out>
      <![CDATA[naresh it]]>
    </system-out>
  </testcase> <!-- m1 -->
  <system-out>
    <![CDATA[naresh it
naresh it
naresh it
naresh it
naresh it]]>
  </system-out>
</testsuite> <!-- testng_keywords.invocationcount -->
