<?xml version="1.0" encoding="UTF-8"?>
<!-- Generated by org.testng.reporters.JUnitReportReporter -->
<testsuite hostname="LAPTOP-74G9JTEL" failures="0" tests="2" name="testng_keywords.priority" time="0.015" errors="0" timestamp="2024-04-05T20:48:18 IST" skipped="0">
  <testcase classname="testng_keywords.priority" name="login" time="0.014">
    <system-out>
      <![CDATA[login to app]]>
    </system-out>
  </testcase> <!-- login -->
  <testcase classname="testng_keywords.priority" name="logout" time="0.001">
    <system-out>
      <![CDATA[logout to app]]>
    </system-out>
  </testcase> <!-- logout -->
  <system-out>
    <![CDATA[login to app
logout to app]]>
  </system-out>
</testsuite> <!-- testng_keywords.priority -->
