<?xml version="1.0" encoding="UTF-8"?>
<!-- Generated by org.testng.reporters.JUnitReportReporter -->
<testsuite hostname="LAPTOP-74G9JTEL" failures="0" tests="1" name="testng_keywords.TimeOuts" time="0.036" errors="0" timestamp="2024-04-06T20:02:36 IST" skipped="0">
  <testcase classname="testng_keywords.TimeOuts" name="TC" time="0.036">
    <system-out>
      <![CDATA[Hii..]]>
    </system-out>
  </testcase> <!-- TC -->
  <system-out>
    <![CDATA[Hii..]]>
  </system-out>
</testsuite> <!-- testng_keywords.TimeOuts -->
