<?xml version="1.0" encoding="UTF-8"?>
<!-- Generated by org.testng.reporters.JUnitReportReporter -->
<testsuite hostname="LAPTOP-74G9JTEL" failures="0" tests="1" name="practice.A" time="0.012" errors="0" timestamp="2024-04-05T20:24:08 IST" skipped="0">
  <testcase classname="practice.A" name="m1" time="0.012">
    <system-out>
      <![CDATA[Hii Good Evng]]>
    </system-out>
  </testcase> <!-- m1 -->
  <system-out>
    <![CDATA[Hii Good Evng]]>
  </system-out>
</testsuite> <!-- practice.A -->
